  Game.cpp
c:\projects\memeslug\memeslug\game.cpp(111): warning C4244: 'argomento': conversione da 'unsigned int' a 'float'. Possibile perdita di dati.
c:\projects\memeslug\memeslug\game.cpp(195): warning C4244: 'argomento': conversione da 'unsigned int' a 'float'. Possibile perdita di dati.
c:\projects\memeslug\memeslug\game.cpp(200): warning C4244: 'argomento': conversione da 'unsigned int' a 'float'. Possibile perdita di dati.
c:\projects\memeslug\memeslug\game.cpp(205): warning C4244: 'argomento': conversione da 'unsigned int' a 'float'. Possibile perdita di dati.
c:\projects\memeslug\memeslug\game.cpp(215): warning C4267: 'argomento': conversione da 'size_t' a 'int'. Possibile perdita di dati.
c:\projects\memeslug\memeslug\game.cpp(218): warning C4267: 'argomento': conversione da 'size_t' a 'int'. Possibile perdita di dati.
c:\projects\memeslug\memeslug\game.cpp(222): warning C4267: 'argomento': conversione da 'size_t' a 'int'. Possibile perdita di dati.
c:\projects\memeslug\memeslug\game.cpp(224): warning C4267: 'argomento': conversione da 'size_t' a 'int'. Possibile perdita di dati.
c:\projects\memeslug\memeslug\game.cpp(224): warning C4267: 'argomento': conversione da 'size_t' a 'unsigned int'. Possibile perdita di dati.
c:\projects\memeslug\memeslug\game.cpp(229): warning C4267: 'argomento': conversione da 'size_t' a 'int'. Possibile perdita di dati.
c:\projects\memeslug\memeslug\game.cpp(229): warning C4267: 'argomento': conversione da 'size_t' a 'unsigned int'. Possibile perdita di dati.
c:\projects\memeslug\memeslug\game.cpp(232): warning C4267: 'argomento': conversione da 'size_t' a 'int'. Possibile perdita di dati.
c:\projects\memeslug\memeslug\game.cpp(234): warning C4267: 'argomento': conversione da 'size_t' a 'int'. Possibile perdita di dati.
c:\projects\memeslug\memeslug\game.cpp(234): warning C4267: 'argomento': conversione da 'size_t' a 'unsigned int'. Possibile perdita di dati.
c:\projects\memeslug\memeslug\game.cpp(238): warning C4267: 'argomento': conversione da 'size_t' a 'int'. Possibile perdita di dati.
c:\projects\memeslug\memeslug\game.cpp(238): warning C4267: 'argomento': conversione da 'size_t' a 'unsigned int'. Possibile perdita di dati.
c:\projects\memeslug\memeslug\game.cpp(239): warning C4267: 'argomento': conversione da 'size_t' a 'int'. Possibile perdita di dati.
c:\projects\memeslug\memeslug\game.cpp(239): warning C4267: 'argomento': conversione da 'size_t' a 'unsigned int'. Possibile perdita di dati.
c:\projects\memeslug\memeslug\game.cpp(242): warning C4267: 'argomento': conversione da 'size_t' a 'int'. Possibile perdita di dati.
c:\projects\memeslug\memeslug\game.cpp(243): warning C4267: 'argomento': conversione da 'size_t' a 'int'. Possibile perdita di dati.
c:\projects\memeslug\memeslug\game.cpp(246): warning C4267: 'argomento': conversione da 'size_t' a 'int'. Possibile perdita di dati.
c:\projects\memeslug\memeslug\game.cpp(250): warning C4267: 'argomento': conversione da 'size_t' a 'int'. Possibile perdita di dati.
c:\projects\memeslug\memeslug\game.cpp(252): warning C4267: 'argomento': conversione da 'size_t' a 'int'. Possibile perdita di dati.
c:\projects\memeslug\memeslug\game.cpp(264): warning C4267: 'argomento': conversione da 'size_t' a 'int'. Possibile perdita di dati.
c:\projects\memeslug\memeslug\game.cpp(270): warning C4267: 'argomento': conversione da 'size_t' a 'int'. Possibile perdita di dati.
c:\projects\memeslug\memeslug\game.cpp(277): warning C4267: 'argomento': conversione da 'size_t' a 'int'. Possibile perdita di dati.
c:\projects\memeslug\memeslug\game.cpp(285): warning C4267: 'argomento': conversione da 'size_t' a 'int'. Possibile perdita di dati.
c:\projects\memeslug\memeslug\game.cpp(285): warning C4267: 'argomento': conversione da 'size_t' a 'unsigned int'. Possibile perdita di dati.
c:\projects\memeslug\memeslug\game.cpp(287): warning C4267: 'argomento': conversione da 'size_t' a 'int'. Possibile perdita di dati.
c:\projects\memeslug\memeslug\game.cpp(287): warning C4267: 'argomento': conversione da 'size_t' a 'unsigned int'. Possibile perdita di dati.
c:\projects\memeslug\memeslug\game.cpp(300): warning C4267: 'argomento': conversione da 'size_t' a 'int'. Possibile perdita di dati.
c:\projects\memeslug\memeslug\game.cpp(315): warning C4267: 'argomento': conversione da 'size_t' a 'int'. Possibile perdita di dati.
c:\projects\memeslug\memeslug\game.cpp(318): warning C4267: 'argomento': conversione da 'size_t' a 'int'. Possibile perdita di dati.
c:\projects\memeslug\memeslug\game.cpp(320): warning C4267: 'argomento': conversione da 'size_t' a 'int'. Possibile perdita di dati.
c:\projects\memeslug\memeslug\game.cpp(326): warning C4267: 'argomento': conversione da 'size_t' a 'int'. Possibile perdita di dati.
c:\projects\memeslug\memeslug\game.cpp(329): warning C4267: 'argomento': conversione da 'size_t' a 'int'. Possibile perdita di dati.
c:\projects\memeslug\memeslug\game.cpp(330): warning C4267: 'argomento': conversione da 'size_t' a 'int'. Possibile perdita di dati.
c:\projects\memeslug\memeslug\game.cpp(332): warning C4267: 'argomento': conversione da 'size_t' a 'int'. Possibile perdita di dati.
c:\projects\memeslug\memeslug\game.cpp(340): warning C4267: 'argomento': conversione da 'size_t' a 'int'. Possibile perdita di dati.
c:\projects\memeslug\memeslug\game.cpp(342): warning C4267: 'argomento': conversione da 'size_t' a 'int'. Possibile perdita di dati.
c:\projects\memeslug\memeslug\game.cpp(350): warning C4267: 'argomento': conversione da 'size_t' a 'int'. Possibile perdita di dati.
c:\projects\memeslug\memeslug\game.cpp(354): warning C4267: 'argomento': conversione da 'size_t' a 'int'. Possibile perdita di dati.
c:\projects\memeslug\memeslug\game.cpp(357): warning C4267: 'argomento': conversione da 'size_t' a 'int'. Possibile perdita di dati.
c:\projects\memeslug\memeslug\game.cpp(361): warning C4267: 'argomento': conversione da 'size_t' a 'int'. Possibile perdita di dati.
c:\projects\memeslug\memeslug\game.cpp(362): warning C4267: 'argomento': conversione da 'size_t' a 'int'. Possibile perdita di dati.
c:\projects\memeslug\memeslug\game.cpp(368): warning C4267: 'argomento': conversione da 'size_t' a 'int'. Possibile perdita di dati.
c:\projects\memeslug\memeslug\game.cpp(369): warning C4267: 'argomento': conversione da 'size_t' a 'int'. Possibile perdita di dati.
c:\projects\memeslug\memeslug\game.cpp(378): warning C4267: 'argomento': conversione da 'size_t' a 'int'. Possibile perdita di dati.
c:\projects\memeslug\memeslug\game.cpp(383): warning C4267: 'argomento': conversione da 'size_t' a 'int'. Possibile perdita di dati.
c:\projects\memeslug\memeslug\game.cpp(385): warning C4267: 'argomento': conversione da 'size_t' a 'int'. Possibile perdita di dati.
c:\projects\memeslug\memeslug\game.cpp(413): warning C4267: 'argomento': conversione da 'size_t' a 'int'. Possibile perdita di dati.
c:\projects\memeslug\memeslug\game.cpp(442): warning C4267: 'argomento': conversione da 'size_t' a 'int'. Possibile perdita di dati.
c:\projects\memeslug\memeslug\game.cpp(448): warning C4267: 'argomento': conversione da 'size_t' a 'int'. Possibile perdita di dati.
c:\projects\memeslug\memeslug\game.cpp(454): warning C4267: 'argomento': conversione da 'size_t' a 'int'. Possibile perdita di dati.
c:\projects\memeslug\memeslug\darr.h(76): warning C4018: '>=': errata corrispondenza tra signed e unsigned
  c:\projects\memeslug\memeslug\darr.h(75): note: durante la compilazione della funzione membro '<Sconosciuto>' di modello <Sconosciuto>
  c:\projects\memeslug\memeslug\game.cpp(320): note: vedere il riferimento all'istanza '<Sconosciuto>' della funzione <Sconosciuto> di cui è in corso la compilazione
  c:\projects\memeslug\memeslug\player.h(95): note: vedere il riferimento all'istanza '<Sconosciuto>' di modello <Sconosciuto> di cui è in corso la compilazione
c:\projects\memeslug\memeslug\darr.h(145): warning C4018: '>=': errata corrispondenza tra signed e unsigned
  c:\projects\memeslug\memeslug\darr.h(144): note: durante la compilazione della funzione membro '<Sconosciuto>' di modello <Sconosciuto>
  c:\projects\memeslug\memeslug\game.cpp(378): note: vedere il riferimento all'istanza '<Sconosciuto>' della funzione <Sconosciuto> di cui è in corso la compilazione
  Generazione del codice in corso...
  Omissione in corso... (nessuna modifica importante rilevata)
  Enemy.cpp
  Bullet.cpp
  MemeSlug.vcxproj -> C:\Projects\MemeSlug\x64\Debug\MemeSlug.exe
